<?xml version="1.0" encoding="UTF-8"?>
<!-- Generated by org.testng.reporters.JUnitXMLReporter -->
<testsuite ignored="0" hostname="AZ-HYD-LPT-04" failures="0" tests="3" name="Customer_ListPage_ActionsDesign_Sprint_1_803168.TC_001" time="10.228" errors="0" timestamp="2024-04-04T08:07:11 IST">
  <testcase classname="Customer_ListPage_ActionsDesign_Sprint_1_803168.TC_001" name="login" time="5.022"/>
  <testcase classname="Customer_ListPage_ActionsDesign_Sprint_1_803168.TC_001" name="customer_Page" time="0.68"/>
  <testcase classname="Customer_ListPage_ActionsDesign_Sprint_1_803168.TC_001" name="action_Button" time="0.188"/>
</testsuite> <!-- Customer_ListPage_ActionsDesign_Sprint_1_803168.TC_001 -->
