<?xml version="1.0" encoding="UTF-8"?>
<!-- Generated by org.testng.reporters.JUnitXMLReporter -->
<testsuite ignored="4" hostname="AZ-HYD-LPT-04" failures="0" tests="4" name="Customer_ListPage_ActionsDesign_Sprint_1_803168.TC_003" time="9.755" errors="0" timestamp="2024-04-04T08:07:31 IST">
  <testcase classname="Customer_ListPage_ActionsDesign_Sprint_1_803168.TC_001" name="login" time="4.742"/>
  <testcase classname="Customer_ListPage_ActionsDesign_Sprint_1_803168.TC_001" name="customer_Page" time="0.894"/>
  <testcase classname="Customer_ListPage_ActionsDesign_Sprint_1_803168.TC_001" name="action_Button" time="0.138"/>
  <testcase classname="Customer_ListPage_ActionsDesign_Sprint_1_803168.TC_003" name="customer_Actions_List" time="0.148"/>
  <testcase classname="Utilities.BaseClass" name="@BeforeSuite extendsReportsInstantiation" time="0.0">
    <ignored/>
  </testcase> <!-- @BeforeSuite extendsReportsInstantiation -->
  <testcase classname="Utilities.BaseClass" name="@BeforeTest browserInstantiation" time="0.0">
    <ignored/>
  </testcase> <!-- @BeforeTest browserInstantiation -->
  <testcase classname="Utilities.BaseClass" name="@AfterTest closeBrowser" time="0.0">
    <ignored/>
  </testcase> <!-- @AfterTest closeBrowser -->
  <testcase classname="Utilities.BaseClass" name="@AfterSuite generateExtentReports" time="0.0">
    <ignored/>
  </testcase> <!-- @AfterSuite generateExtentReports -->
</testsuite> <!-- Customer_ListPage_ActionsDesign_Sprint_1_803168.TC_003 -->
