<?xml version="1.0" encoding="UTF-8"?>
<!-- Generated by org.testng.reporters.JUnitXMLReporter -->
<testsuite ignored="0" hostname="AZ-HYD-LPT-04" failures="0" tests="3" name="Customer_ListPage_ActionsDesign_Sprint_1_803168.TC_001" time="15.285" errors="0" timestamp="2024-04-04T08:40:55 IST">
  <testcase classname="Customer_ListPage_ActionsDesign_Sprint_1_803168.TC_001" name="login" time="4.983"/>
  <testcase classname="Customer_ListPage_ActionsDesign_Sprint_1_803168.TC_001" name="customer_Page" time="1.001"/>
  <testcase classname="Customer_ListPage_ActionsDesign_Sprint_1_803168.TC_001" name="action_Button" time="4.224"/>
</testsuite> <!-- Customer_ListPage_ActionsDesign_Sprint_1_803168.TC_001 -->
