<?xml version="1.0" encoding="UTF-8"?>
<!-- Generated by org.testng.reporters.JUnitXMLReporter -->
<testsuite ignored="4" hostname="AZ-HYD-LPT-04" failures="0" tests="3" name="Login_Functionality_Frontend_Sprint_2_801776.TC_011" time="10.46" errors="0" timestamp="2024-04-03T21:24:00 IST">
  <testcase classname="Login_Functionality_Frontend_Sprint_2_801776.TC_001" name="open_URL" time="6.897"/>
  <testcase classname="Login_Functionality_Frontend_Sprint_2_801776.TC_011" name="forgot_password_link_text_colour" time="0.026"/>
  <testcase classname="Login_Functionality_Frontend_Sprint_2_801776.TC_011" name="forgot_password_link_text_font_size" time="0.043"/>
  <testcase classname="Utilities.BaseClass" name="@BeforeSuite extendsReportsInstantiation" time="0.0">
    <ignored/>
  </testcase> <!-- @BeforeSuite extendsReportsInstantiation -->
  <testcase classname="Utilities.BaseClass" name="@AfterTest closeBrowser" time="0.0">
    <ignored/>
  </testcase> <!-- @AfterTest closeBrowser -->
  <testcase classname="Utilities.BaseClass" name="@BeforeTest browserInstantiation" time="0.0">
    <ignored/>
  </testcase> <!-- @BeforeTest browserInstantiation -->
  <testcase classname="Utilities.BaseClass" name="@AfterSuite generateExtentReports" time="0.0">
    <ignored/>
  </testcase> <!-- @AfterSuite generateExtentReports -->
</testsuite> <!-- Login_Functionality_Frontend_Sprint_2_801776.TC_011 -->
