<?xml version="1.0" encoding="UTF-8"?>
<!-- Generated by org.testng.reporters.JUnitXMLReporter -->
<testsuite ignored="4" hostname="AZ-HYD-LPT-04" failures="0" tests="3" name="Login_Functionality_Frontend_Sprint_2_801776.TC_005" time="9.098" errors="0" timestamp="2024-04-03T20:53:36 IST">
  <testcase classname="Login_Functionality_Frontend_Sprint_2_801776.TC_001" name="open_URL" time="5.748"/>
  <testcase classname="Login_Functionality_Frontend_Sprint_2_801776.TC_005" name="validate_username_title" time="0.024"/>
  <testcase classname="Login_Functionality_Frontend_Sprint_2_801776.TC_005" name="validate_password_title" time="0.02"/>
  <testcase classname="Utilities.BaseClass" name="@BeforeSuite extendsReportsInstantiation" time="0.0">
    <ignored/>
  </testcase> <!-- @BeforeSuite extendsReportsInstantiation -->
  <testcase classname="Utilities.BaseClass" name="@BeforeTest browserInstantiation" time="0.0">
    <ignored/>
  </testcase> <!-- @BeforeTest browserInstantiation -->
  <testcase classname="Utilities.BaseClass" name="@AfterTest closeBrowser" time="0.0">
    <ignored/>
  </testcase> <!-- @AfterTest closeBrowser -->
  <testcase classname="Utilities.BaseClass" name="@AfterSuite generateExtentReports" time="0.0">
    <ignored/>
  </testcase> <!-- @AfterSuite generateExtentReports -->
</testsuite> <!-- Login_Functionality_Frontend_Sprint_2_801776.TC_005 -->
