<?xml version="1.0" encoding="UTF-8"?>
<!-- Generated by org.testng.reporters.JUnitXMLReporter -->
<testsuite ignored="4" hostname="AZ-HYD-LPT-04" failures="0" tests="2" name="Login_Functionality_Frontend_Sprint_2_801776.TC_010" time="9.486" errors="0" timestamp="2024-04-03T20:54:18 IST">
  <testcase classname="Login_Functionality_Frontend_Sprint_2_801776.TC_001" name="open_URL" time="6.268"/>
  <testcase classname="Login_Functionality_Frontend_Sprint_2_801776.TC_010" name="forgot_password" time="0.025"/>
  <testcase classname="Utilities.BaseClass" name="@AfterTest closeBrowser" time="0.0">
    <ignored/>
  </testcase> <!-- @AfterTest closeBrowser -->
  <testcase classname="Utilities.BaseClass" name="@BeforeSuite extendsReportsInstantiation" time="0.0">
    <ignored/>
  </testcase> <!-- @BeforeSuite extendsReportsInstantiation -->
  <testcase classname="Utilities.BaseClass" name="@AfterSuite generateExtentReports" time="0.0">
    <ignored/>
  </testcase> <!-- @AfterSuite generateExtentReports -->
  <testcase classname="Utilities.BaseClass" name="@BeforeTest browserInstantiation" time="0.0">
    <ignored/>
  </testcase> <!-- @BeforeTest browserInstantiation -->
</testsuite> <!-- Login_Functionality_Frontend_Sprint_2_801776.TC_010 -->
